<?xml version="1.0" encoding="UTF-8"?>
<coverage generated="1502327072293" clover="3.2.0">
  <project timestamp="1502327072294" name="All files">
    <metrics statements="78" coveredstatements="47" conditionals="24" coveredconditionals="7" methods="47" coveredmethods="16" elements="149" coveredelements="70" complexity="0" loc="78" ncloc="78" packages="2" files="9" classes="9">
      <package name="src">
        <metrics statements="26" coveredstatements="13" conditionals="4" coveredconditionals="2" methods="11" coveredmethods="1"/>
        <file name="BooksAPI.js" path="/Users/kunalmandalia/Documents/repos/public/udacity-react/reactnd-project-myreads-starter/src/BooksAPI.js">
          <metrics statements="24" coveredstatements="12" conditionals="4" coveredconditionals="2" methods="11" coveredmethods="1"/>
          <line num="2" count="1" type="stmt"/>
          <line num="13" count="1" type="cond" truecount="1" falsecount="1"/>
          <line num="14" count="1" type="stmt"/>
          <line num="15" count="1" type="stmt"/>
          <line num="17" count="0" type="stmt"/>
          <line num="18" count="0" type="stmt"/>
          <line num="21" count="1" type="cond" truecount="1" falsecount="1"/>
          <line num="22" count="1" type="stmt"/>
          <line num="24" count="1" type="stmt"/>
          <line num="29" count="1" type="stmt"/>
          <line num="30" count="0" type="stmt"/>
          <line num="31" count="0" type="stmt"/>
          <line num="32" count="0" type="stmt"/>
          <line num="34" count="1" type="stmt"/>
          <line num="35" count="1" type="stmt"/>
          <line num="36" count="0" type="stmt"/>
          <line num="37" count="0" type="stmt"/>
          <line num="39" count="1" type="stmt"/>
          <line num="40" count="0" type="stmt"/>
          <line num="47" count="0" type="stmt"/>
          <line num="49" count="1" type="stmt"/>
          <line num="50" count="0" type="stmt"/>
          <line num="57" count="0" type="stmt"/>
          <line num="58" count="0" type="stmt"/>
        </file>
        <file name="data.js" path="/Users/kunalmandalia/Documents/repos/public/udacity-react/reactnd-project-myreads-starter/src/data.js">
          <metrics statements="1" coveredstatements="1" conditionals="0" coveredconditionals="0" methods="0" coveredmethods="0"/>
          <line num="1" count="3" type="stmt"/>
        </file>
        <file name="index.js" path="/Users/kunalmandalia/Documents/repos/public/udacity-react/reactnd-project-myreads-starter/src/index.js">
          <metrics statements="1" coveredstatements="0" conditionals="0" coveredconditionals="0" methods="0" coveredmethods="0"/>
          <line num="1" count="0" type="stmt"/>
        </file>
      </package>
      <package name="src.components">
        <metrics statements="52" coveredstatements="34" conditionals="20" coveredconditionals="5" methods="36" coveredmethods="15"/>
        <file name="App.js" path="/Users/kunalmandalia/Documents/repos/public/udacity-react/reactnd-project-myreads-starter/src/components/App.js">
          <metrics statements="28" coveredstatements="13" conditionals="12" coveredconditionals="1" methods="22" coveredmethods="5"/>
          <line num="8" count="1" type="stmt"/>
          <line num="10" count="1" type="stmt"/>
          <line num="11" count="0" type="stmt"/>
          <line num="12" count="0" type="stmt"/>
          <line num="13" count="0" type="cond" truecount="0" falsecount="2"/>
          <line num="18" count="1" type="stmt"/>
          <line num="19" count="1" type="stmt"/>
          <line num="24" count="1" type="stmt"/>
          <line num="25" count="1" type="stmt"/>
          <line num="26" count="1" type="stmt"/>
          <line num="27" count="1" type="stmt"/>
          <line num="31" count="1" type="cond" truecount="1" falsecount="1"/>
          <line num="32" count="1" type="stmt"/>
          <line num="34" count="0" type="stmt"/>
          <line num="37" count="1" type="stmt"/>
          <line num="43" count="0" type="stmt"/>
          <line num="44" count="0" type="stmt"/>
          <line num="49" count="0" type="stmt"/>
          <line num="51" count="0" type="cond" truecount="0" falsecount="2"/>
          <line num="53" count="0" type="cond" truecount="0" falsecount="2"/>
          <line num="58" count="0" type="stmt"/>
          <line num="60" count="0" type="cond" truecount="0" falsecount="2"/>
          <line num="62" count="0" type="stmt"/>
          <line num="65" count="0" type="stmt"/>
          <line num="70" count="0" type="stmt"/>
          <line num="74" count="2" type="stmt"/>
          <line num="77" count="0" type="stmt"/>
          <line num="87" count="2" type="stmt"/>
        </file>
        <file name="Book.js" path="/Users/kunalmandalia/Documents/repos/public/udacity-react/reactnd-project-myreads-starter/src/components/Book.js">
          <metrics statements="5" coveredstatements="5" conditionals="4" coveredconditionals="1" methods="3" coveredmethods="3"/>
          <line num="5" count="3" type="stmt"/>
          <line num="13" count="2" type="stmt"/>
          <line num="20" count="1" type="stmt"/>
          <line num="30" count="8" type="stmt"/>
          <line num="40" count="3" type="stmt"/>
        </file>
        <file name="BookShelf.js" path="/Users/kunalmandalia/Documents/repos/public/udacity-react/reactnd-project-myreads-starter/src/components/BookShelf.js">
          <metrics statements="4" coveredstatements="3" conditionals="0" coveredconditionals="0" methods="2" coveredmethods="1"/>
          <line num="5" count="2" type="stmt"/>
          <line num="6" count="3" type="stmt"/>
          <line num="11" count="0" type="stmt"/>
          <line num="20" count="2" type="stmt"/>
        </file>
        <file name="MainLayout.js" path="/Users/kunalmandalia/Documents/repos/public/udacity-react/reactnd-project-myreads-starter/src/components/MainLayout.js">
          <metrics statements="6" coveredstatements="6" conditionals="2" coveredconditionals="2" methods="4" coveredmethods="3"/>
          <line num="7" count="2" type="stmt"/>
          <line num="8" count="9" type="stmt"/>
          <line num="11" count="2" type="stmt"/>
          <line num="12" count="3" type="stmt"/>
          <line num="17" count="12" type="cond" truecount="2" falsecount="0"/>
          <line num="33" count="2" type="stmt"/>
        </file>
        <file name="SearchBooksBar.js" path="/Users/kunalmandalia/Documents/repos/public/udacity-react/reactnd-project-myreads-starter/src/components/SearchBooksBar.js">
          <metrics statements="5" coveredstatements="5" conditionals="2" coveredconditionals="1" methods="3" coveredmethods="3"/>
          <line num="11" count="1" type="stmt"/>
          <line num="12" count="1" type="cond" truecount="1" falsecount="1"/>
          <line num="16" count="4" type="stmt"/>
          <line num="24" count="1" type="stmt"/>
          <line num="34" count="2" type="stmt"/>
        </file>
        <file name="SearchBooksLayout.js" path="/Users/kunalmandalia/Documents/repos/public/udacity-react/reactnd-project-myreads-starter/src/components/SearchBooksLayout.js">
          <metrics statements="4" coveredstatements="2" conditionals="0" coveredconditionals="0" methods="2" coveredmethods="0"/>
          <line num="6" count="1" type="stmt"/>
          <line num="12" count="0" type="stmt"/>
          <line num="20" count="0" type="stmt"/>
          <line num="29" count="1" type="stmt"/>
        </file>
      </package>
    </metrics>
  </project>
</coverage>
