{"/Users/kunalmandalia/Documents/repos/public/udacity-react/reactnd-project-myreads-starter/src/BooksAPI.js": {"path":"/Users/kunalmandalia/Documents/repos/public/udacity-react/reactnd-project-myreads-starter/src/BooksAPI.js","statementMap":{"0":{"start":{"line":2,"column":12},"end":{"line":2,"column":51}},"1":{"start":{"line":13,"column":0},"end":{"line":19,"column":1}},"2":{"start":{"line":14,"column":2},"end":{"line":14,"column":15}},"3":{"start":{"line":15,"column":2},"end":{"line":15,"column":29}},"4":{"start":{"line":17,"column":2},"end":{"line":17,"column":29}},"5":{"start":{"line":18,"column":2},"end":{"line":18,"column":25}},"6":{"start":{"line":21,"column":0},"end":{"line":22,"column":63}},"7":{"start":{"line":22,"column":2},"end":{"line":22,"column":63}},"8":{"start":{"line":24,"column":16},"end":{"line":27,"column":1}},"9":{"start":{"line":29,"column":19},"end":{"line":32,"column":28}},"10":{"start":{"line":30,"column":2},"end":{"line":32,"column":28}},"11":{"start":{"line":31,"column":17},"end":{"line":31,"column":27}},"12":{"start":{"line":32,"column":18},"end":{"line":32,"column":27}},"13":{"start":{"line":34,"column":22},"end":{"line":37,"column":29}},"14":{"start":{"line":35,"column":2},"end":{"line":37,"column":29}},"15":{"start":{"line":36,"column":17},"end":{"line":36,"column":27}},"16":{"start":{"line":37,"column":18},"end":{"line":37,"column":28}},"17":{"start":{"line":39,"column":22},"end":{"line":47,"column":28}},"18":{"start":{"line":40,"column":2},"end":{"line":47,"column":28}},"19":{"start":{"line":47,"column":17},"end":{"line":47,"column":27}},"20":{"start":{"line":49,"column":22},"end":{"line":58,"column":29}},"21":{"start":{"line":50,"column":2},"end":{"line":58,"column":29}},"22":{"start":{"line":57,"column":17},"end":{"line":57,"column":27}},"23":{"start":{"line":58,"column":18},"end":{"line":58,"column":28}}},"fnMap":{"0":{"name":"(anonymous_0)","decl":{"start":{"line":29,"column":19},"end":{"line":29,"column":20}},"loc":{"start":{"line":30,"column":2},"end":{"line":32,"column":28}},"line":30},"1":{"name":"(anonymous_1)","decl":{"start":{"line":31,"column":10},"end":{"line":31,"column":11}},"loc":{"start":{"line":31,"column":17},"end":{"line":31,"column":27}},"line":31},"2":{"name":"(anonymous_2)","decl":{"start":{"line":32,"column":10},"end":{"line":32,"column":11}},"loc":{"start":{"line":32,"column":18},"end":{"line":32,"column":27}},"line":32},"3":{"name":"(anonymous_3)","decl":{"start":{"line":34,"column":22},"end":{"line":34,"column":23}},"loc":{"start":{"line":35,"column":2},"end":{"line":37,"column":29}},"line":35},"4":{"name":"(anonymous_4)","decl":{"start":{"line":36,"column":10},"end":{"line":36,"column":11}},"loc":{"start":{"line":36,"column":17},"end":{"line":36,"column":27}},"line":36},"5":{"name":"(anonymous_5)","decl":{"start":{"line":37,"column":10},"end":{"line":37,"column":11}},"loc":{"start":{"line":37,"column":18},"end":{"line":37,"column":28}},"line":37},"6":{"name":"(anonymous_6)","decl":{"start":{"line":39,"column":22},"end":{"line":39,"column":23}},"loc":{"start":{"line":40,"column":2},"end":{"line":47,"column":28}},"line":40},"7":{"name":"(anonymous_7)","decl":{"start":{"line":47,"column":10},"end":{"line":47,"column":11}},"loc":{"start":{"line":47,"column":17},"end":{"line":47,"column":27}},"line":47},"8":{"name":"(anonymous_8)","decl":{"start":{"line":49,"column":22},"end":{"line":49,"column":23}},"loc":{"start":{"line":50,"column":2},"end":{"line":58,"column":29}},"line":50},"9":{"name":"(anonymous_9)","decl":{"start":{"line":57,"column":10},"end":{"line":57,"column":11}},"loc":{"start":{"line":57,"column":17},"end":{"line":57,"column":27}},"line":57},"10":{"name":"(anonymous_10)","decl":{"start":{"line":58,"column":10},"end":{"line":58,"column":11}},"loc":{"start":{"line":58,"column":18},"end":{"line":58,"column":28}},"line":58}},"branchMap":{"0":{"loc":{"start":{"line":13,"column":0},"end":{"line":19,"column":1}},"type":"if","locations":[{"start":{"line":13,"column":0},"end":{"line":19,"column":1}},{"start":{"line":13,"column":0},"end":{"line":19,"column":1}}],"line":13},"1":{"loc":{"start":{"line":21,"column":0},"end":{"line":22,"column":63}},"type":"if","locations":[{"start":{"line":21,"column":0},"end":{"line":22,"column":63}},{"start":{"line":21,"column":0},"end":{"line":22,"column":63}}],"line":21}},"s":{"0":1,"1":1,"2":1,"3":1,"4":0,"5":0,"6":1,"7":1,"8":1,"9":1,"10":0,"11":0,"12":0,"13":1,"14":1,"15":0,"16":0,"17":1,"18":0,"19":0,"20":1,"21":0,"22":0,"23":0},"f":{"0":0,"1":0,"2":0,"3":1,"4":0,"5":0,"6":0,"7":0,"8":0,"9":0,"10":0},"b":{"0":[1,0],"1":[1,0]},"_coverageSchema":"332fd63041d2c1bcb487cc26dd0d5f7d97098a6c","hash":"fe5788955d0f2fc5e35ca4be8e55574848972b53"}
,"/Users/kunalmandalia/Documents/repos/public/udacity-react/reactnd-project-myreads-starter/src/data.js": {"path":"/Users/kunalmandalia/Documents/repos/public/udacity-react/reactnd-project-myreads-starter/src/data.js","statementMap":{"0":{"start":{"line":1,"column":23},"end":{"line":6,"column":1}}},"fnMap":{},"branchMap":{},"s":{"0":3},"f":{},"b":{},"_coverageSchema":"332fd63041d2c1bcb487cc26dd0d5f7d97098a6c","hash":"070e63630e1e3bf920f2e025f779227502e1336f"}
,"/Users/kunalmandalia/Documents/repos/public/udacity-react/reactnd-project-myreads-starter/src/index.js": {"path":"/Users/kunalmandalia/Documents/repos/public/udacity-react/reactnd-project-myreads-starter/src/index.js","statementMap":{"0":{"start":{"line":1,"column":58},"end":{"line":1,"column":162}}},"fnMap":{},"branchMap":{},"s":{"0":0},"f":{},"b":{}}
,"/Users/kunalmandalia/Documents/repos/public/udacity-react/reactnd-project-myreads-starter/src/components/App.js": {"path":"/Users/kunalmandalia/Documents/repos/public/udacity-react/reactnd-project-myreads-starter/src/components/App.js","statementMap":{"0":{"start":{"line":8,"column":29},"end":{"line":8,"column":91}},"1":{"start":{"line":8,"column":48},"end":{"line":8,"column":91}},"2":{"start":{"line":8,"column":63},"end":{"line":8,"column":67}},"3":{"start":{"line":10,"column":28},"end":{"line":14,"column":1}},"4":{"start":{"line":11,"column":24},"end":{"line":11,"column":26}},"5":{"start":{"line":12,"column":2},"end":{"line":12,"column":62}},"6":{"start":{"line":12,"column":27},"end":{"line":12,"column":58}},"7":{"start":{"line":13,"column":2},"end":{"line":13,"column":78}},"8":{"start":{"line":13,"column":27},"end":{"line":13,"column":75}},"9":{"start":{"line":18,"column":4},"end":{"line":18,"column":16}},"10":{"start":{"line":19,"column":4},"end":{"line":23,"column":5}},"11":{"start":{"line":24,"column":4},"end":{"line":24,"column":57}},"12":{"start":{"line":25,"column":4},"end":{"line":25,"column":59}},"13":{"start":{"line":26,"column":4},"end":{"line":26,"column":53}},"14":{"start":{"line":27,"column":4},"end":{"line":27,"column":63}},"15":{"start":{"line":31,"column":4},"end":{"line":39,"column":5}},"16":{"start":{"line":32,"column":6},"end":{"line":38,"column":9}},"17":{"start":{"line":34,"column":8},"end":{"line":34,"column":46}},"18":{"start":{"line":37,"column":8},"end":{"line":37,"column":38}},"19":{"start":{"line":43,"column":4},"end":{"line":43,"column":33}},"20":{"start":{"line":44,"column":4},"end":{"line":44,"column":46}},"21":{"start":{"line":49,"column":4},"end":{"line":54,"column":8}},"22":{"start":{"line":49,"column":30},"end":{"line":54,"column":5}},"23":{"start":{"line":51,"column":29},"end":{"line":51,"column":84}},"24":{"start":{"line":53,"column":50},"end":{"line":53,"column":76}},"25":{"start":{"line":58,"column":4},"end":{"line":66,"column":9}},"26":{"start":{"line":60,"column":8},"end":{"line":62,"column":111}},"27":{"start":{"line":62,"column":36},"end":{"line":62,"column":109}},"28":{"start":{"line":65,"column":8},"end":{"line":65,"column":38}},"29":{"start":{"line":70,"column":4},"end":{"line":70,"column":41}},"30":{"start":{"line":74,"column":4},"end":{"line":94,"column":5}},"31":{"start":{"line":77,"column":10},"end":{"line":82,"column":12}},"32":{"start":{"line":87,"column":8},"end":{"line":90,"column":10}}},"fnMap":{"0":{"name":"(anonymous_0)","decl":{"start":{"line":8,"column":29},"end":{"line":8,"column":30}},"loc":{"start":{"line":8,"column":48},"end":{"line":8,"column":91}},"line":8},"1":{"name":"(anonymous_1)","decl":{"start":{"line":8,"column":58},"end":{"line":8,"column":59}},"loc":{"start":{"line":8,"column":63},"end":{"line":8,"column":67}},"line":8},"2":{"name":"(anonymous_2)","decl":{"start":{"line":10,"column":28},"end":{"line":10,"column":29}},"loc":{"start":{"line":10,"column":52},"end":{"line":14,"column":1}},"line":10},"3":{"name":"(anonymous_3)","decl":{"start":{"line":12,"column":20},"end":{"line":12,"column":21}},"loc":{"start":{"line":12,"column":25},"end":{"line":12,"column":60}},"line":12},"4":{"name":"(anonymous_4)","decl":{"start":{"line":13,"column":21},"end":{"line":13,"column":22}},"loc":{"start":{"line":13,"column":27},"end":{"line":13,"column":75}},"line":13},"5":{"name":"(anonymous_5)","decl":{"start":{"line":17,"column":2},"end":{"line":17,"column":3}},"loc":{"start":{"line":17,"column":22},"end":{"line":28,"column":3}},"line":17},"6":{"name":"(anonymous_6)","decl":{"start":{"line":30,"column":2},"end":{"line":30,"column":3}},"loc":{"start":{"line":30,"column":23},"end":{"line":40,"column":3}},"line":30},"7":{"name":"(anonymous_7)","decl":{"start":{"line":33,"column":12},"end":{"line":33,"column":13}},"loc":{"start":{"line":33,"column":21},"end":{"line":35,"column":7}},"line":33},"8":{"name":"(anonymous_8)","decl":{"start":{"line":36,"column":13},"end":{"line":36,"column":14}},"loc":{"start":{"line":36,"column":19},"end":{"line":38,"column":7}},"line":36},"9":{"name":"(anonymous_9)","decl":{"start":{"line":42,"column":2},"end":{"line":42,"column":3}},"loc":{"start":{"line":42,"column":32},"end":{"line":45,"column":3}},"line":42},"10":{"name":"(anonymous_10)","decl":{"start":{"line":47,"column":2},"end":{"line":47,"column":3}},"loc":{"start":{"line":47,"column":39},"end":{"line":55,"column":3}},"line":47},"11":{"name":"(anonymous_11)","decl":{"start":{"line":49,"column":18},"end":{"line":49,"column":19}},"loc":{"start":{"line":49,"column":30},"end":{"line":54,"column":5}},"line":49},"12":{"name":"(anonymous_12)","decl":{"start":{"line":51,"column":24},"end":{"line":51,"column":25}},"loc":{"start":{"line":51,"column":29},"end":{"line":51,"column":84}},"line":51},"13":{"name":"(anonymous_13)","decl":{"start":{"line":53,"column":45},"end":{"line":53,"column":46}},"loc":{"start":{"line":53,"column":50},"end":{"line":53,"column":76}},"line":53},"14":{"name":"(anonymous_14)","decl":{"start":{"line":57,"column":2},"end":{"line":57,"column":3}},"loc":{"start":{"line":57,"column":23},"end":{"line":67,"column":3}},"line":57},"15":{"name":"(anonymous_15)","decl":{"start":{"line":59,"column":12},"end":{"line":59,"column":13}},"loc":{"start":{"line":59,"column":29},"end":{"line":63,"column":7}},"line":59},"16":{"name":"(anonymous_16)","decl":{"start":{"line":62,"column":24},"end":{"line":62,"column":25}},"loc":{"start":{"line":62,"column":36},"end":{"line":62,"column":109}},"line":62},"17":{"name":"(anonymous_17)","decl":{"start":{"line":64,"column":13},"end":{"line":64,"column":14}},"loc":{"start":{"line":64,"column":19},"end":{"line":66,"column":7}},"line":64},"18":{"name":"(anonymous_18)","decl":{"start":{"line":69,"column":2},"end":{"line":69,"column":3}},"loc":{"start":{"line":69,"column":23},"end":{"line":71,"column":3}},"line":69},"19":{"name":"(anonymous_19)","decl":{"start":{"line":73,"column":2},"end":{"line":73,"column":3}},"loc":{"start":{"line":73,"column":11},"end":{"line":95,"column":3}},"line":73},"20":{"name":"(anonymous_20)","decl":{"start":{"line":76,"column":38},"end":{"line":76,"column":39}},"loc":{"start":{"line":77,"column":10},"end":{"line":82,"column":12}},"line":77},"21":{"name":"(anonymous_21)","decl":{"start":{"line":86,"column":36},"end":{"line":86,"column":37}},"loc":{"start":{"line":87,"column":8},"end":{"line":90,"column":10}},"line":87}},"branchMap":{"0":{"loc":{"start":{"line":13,"column":42},"end":{"line":13,"column":73}},"type":"binary-expr","locations":[{"start":{"line":13,"column":42},"end":{"line":13,"column":63}},{"start":{"line":13,"column":67},"end":{"line":13,"column":73}}],"line":13},"1":{"loc":{"start":{"line":31,"column":4},"end":{"line":39,"column":5}},"type":"if","locations":[{"start":{"line":31,"column":4},"end":{"line":39,"column":5}},{"start":{"line":31,"column":4},"end":{"line":39,"column":5}}],"line":31},"2":{"loc":{"start":{"line":50,"column":13},"end":{"line":52,"column":61}},"type":"cond-expr","locations":[{"start":{"line":51,"column":8},"end":{"line":51,"column":85}},{"start":{"line":52,"column":8},"end":{"line":52,"column":61}}],"line":50},"3":{"loc":{"start":{"line":51,"column":29},"end":{"line":51,"column":84}},"type":"cond-expr","locations":[{"start":{"line":51,"column":50},"end":{"line":51,"column":80}},{"start":{"line":51,"column":83},"end":{"line":51,"column":84}}],"line":51},"4":{"loc":{"start":{"line":53,"column":50},"end":{"line":53,"column":76}},"type":"cond-expr","locations":[{"start":{"line":53,"column":68},"end":{"line":53,"column":72}},{"start":{"line":53,"column":75},"end":{"line":53,"column":76}}],"line":53},"5":{"loc":{"start":{"line":60,"column":8},"end":{"line":62,"column":111}},"type":"cond-expr","locations":[{"start":{"line":61,"column":10},"end":{"line":61,"column":40}},{"start":{"line":62,"column":10},"end":{"line":62,"column":111}}],"line":60}},"s":{"0":1,"1":0,"2":0,"3":1,"4":0,"5":0,"6":0,"7":0,"8":0,"9":1,"10":1,"11":1,"12":1,"13":1,"14":1,"15":1,"16":1,"17":0,"18":1,"19":0,"20":0,"21":0,"22":0,"23":0,"24":0,"25":0,"26":0,"27":0,"28":0,"29":0,"30":2,"31":0,"32":2},"f":{"0":0,"1":0,"2":0,"3":0,"4":0,"5":1,"6":1,"7":0,"8":1,"9":0,"10":0,"11":0,"12":0,"13":0,"14":0,"15":0,"16":0,"17":0,"18":0,"19":2,"20":0,"21":2},"b":{"0":[0,0],"1":[1,0],"2":[0,0],"3":[0,0],"4":[0,0],"5":[0,0]},"_coverageSchema":"332fd63041d2c1bcb487cc26dd0d5f7d97098a6c","hash":"57701a9c9c7d557e7429e50177b4eac022621cc7"}
,"/Users/kunalmandalia/Documents/repos/public/udacity-react/reactnd-project-myreads-starter/src/components/Book.js": {"path":"/Users/kunalmandalia/Documents/repos/public/udacity-react/reactnd-project-myreads-starter/src/components/Book.js","statementMap":{"0":{"start":{"line":5,"column":13},"end":{"line":38,"column":1}},"1":{"start":{"line":13,"column":2},"end":{"line":37,"column":8}},"2":{"start":{"line":20,"column":12},"end":{"line":26,"column":14}},"3":{"start":{"line":30,"column":12},"end":{"line":30,"column":68}},"4":{"start":{"line":40,"column":0},"end":{"line":50,"column":1}}},"fnMap":{"0":{"name":"(anonymous_0)","decl":{"start":{"line":5,"column":13},"end":{"line":5,"column":14}},"loc":{"start":{"line":13,"column":2},"end":{"line":37,"column":8}},"line":13},"1":{"name":"(anonymous_1)","decl":{"start":{"line":19,"column":20},"end":{"line":19,"column":21}},"loc":{"start":{"line":19,"column":27},"end":{"line":26,"column":15}},"line":19},"2":{"name":"(anonymous_2)","decl":{"start":{"line":29,"column":23},"end":{"line":29,"column":24}},"loc":{"start":{"line":30,"column":12},"end":{"line":30,"column":68}},"line":30}},"branchMap":{"0":{"loc":{"start":{"line":15,"column":92},"end":{"line":15,"column":161}},"type":"cond-expr","locations":[{"start":{"line":15,"column":106},"end":{"line":15,"column":155}},{"start":{"line":15,"column":159},"end":{"line":15,"column":161}}],"line":15},"1":{"loc":{"start":{"line":15,"column":106},"end":{"line":15,"column":155}},"type":"binary-expr","locations":[{"start":{"line":15,"column":106},"end":{"line":15,"column":131}},{"start":{"line":15,"column":135},"end":{"line":15,"column":155}}],"line":15}},"s":{"0":3,"1":2,"2":1,"3":8,"4":3},"f":{"0":2,"1":1,"2":8},"b":{"0":[0,2],"1":[0,0]},"_coverageSchema":"332fd63041d2c1bcb487cc26dd0d5f7d97098a6c","hash":"d7cae149c72f77846dd0b452a8254edc97675e5b"}
,"/Users/kunalmandalia/Documents/repos/public/udacity-react/reactnd-project-myreads-starter/src/components/BookShelf.js": {"path":"/Users/kunalmandalia/Documents/repos/public/udacity-react/reactnd-project-myreads-starter/src/components/BookShelf.js","statementMap":{"0":{"start":{"line":5,"column":18},"end":{"line":18,"column":1}},"1":{"start":{"line":6,"column":2},"end":{"line":17,"column":8}},"2":{"start":{"line":11,"column":10},"end":{"line":13,"column":15}},"3":{"start":{"line":20,"column":0},"end":{"line":25,"column":2}}},"fnMap":{"0":{"name":"(anonymous_0)","decl":{"start":{"line":5,"column":18},"end":{"line":5,"column":19}},"loc":{"start":{"line":6,"column":2},"end":{"line":17,"column":8}},"line":6},"1":{"name":"(anonymous_1)","decl":{"start":{"line":10,"column":19},"end":{"line":10,"column":20}},"loc":{"start":{"line":11,"column":10},"end":{"line":13,"column":15}},"line":11}},"branchMap":{},"s":{"0":2,"1":3,"2":0,"3":2},"f":{"0":3,"1":0},"b":{},"_coverageSchema":"332fd63041d2c1bcb487cc26dd0d5f7d97098a6c","hash":"2df9743f2c94d8f240a8995a4a8bb7b88768100f"}
,"/Users/kunalmandalia/Documents/repos/public/udacity-react/reactnd-project-myreads-starter/src/components/MainLayout.js": {"path":"/Users/kunalmandalia/Documents/repos/public/udacity-react/reactnd-project-myreads-starter/src/components/MainLayout.js","statementMap":{"0":{"start":{"line":7,"column":34},"end":{"line":9,"column":1}},"1":{"start":{"line":8,"column":2},"end":{"line":8,"column":38}},"2":{"start":{"line":8,"column":20},"end":{"line":8,"column":37}},"3":{"start":{"line":11,"column":19},"end":{"line":31,"column":1}},"4":{"start":{"line":12,"column":2},"end":{"line":30,"column":8}},"5":{"start":{"line":17,"column":29},"end":{"line":25,"column":7}},"6":{"start":{"line":33,"column":0},"end":{"line":36,"column":2}}},"fnMap":{"0":{"name":"(anonymous_0)","decl":{"start":{"line":7,"column":34},"end":{"line":7,"column":35}},"loc":{"start":{"line":8,"column":2},"end":{"line":8,"column":38}},"line":8},"1":{"name":"(anonymous_1)","decl":{"start":{"line":8,"column":15},"end":{"line":8,"column":16}},"loc":{"start":{"line":8,"column":20},"end":{"line":8,"column":37}},"line":8},"2":{"name":"(anonymous_2)","decl":{"start":{"line":11,"column":19},"end":{"line":11,"column":20}},"loc":{"start":{"line":12,"column":2},"end":{"line":30,"column":8}},"line":12},"3":{"name":"(anonymous_3)","decl":{"start":{"line":17,"column":19},"end":{"line":17,"column":20}},"loc":{"start":{"line":17,"column":29},"end":{"line":25,"column":7}},"line":17}},"branchMap":{"0":{"loc":{"start":{"line":17,"column":29},"end":{"line":25,"column":7}},"type":"binary-expr","locations":[{"start":{"line":17,"column":29},"end":{"line":17,"column":47}},{"start":{"line":18,"column":8},"end":{"line":24,"column":10}}],"line":17}},"s":{"0":2,"1":9,"2":0,"3":2,"4":3,"5":12,"6":2},"f":{"0":9,"1":0,"2":3,"3":12},"b":{"0":[12,9]},"_coverageSchema":"332fd63041d2c1bcb487cc26dd0d5f7d97098a6c","hash":"f9a608966363d622667fb19c35bc06d2110bdc67"}
,"/Users/kunalmandalia/Documents/repos/public/udacity-react/reactnd-project-myreads-starter/src/components/SearchBooksBar.js": {"path":"/Users/kunalmandalia/Documents/repos/public/udacity-react/reactnd-project-myreads-starter/src/components/SearchBooksBar.js","statementMap":{"0":{"start":{"line":11,"column":4},"end":{"line":11,"column":41}},"1":{"start":{"line":12,"column":4},"end":{"line":12,"column":83}},"2":{"start":{"line":16,"column":4},"end":{"line":30,"column":5}},"3":{"start":{"line":24,"column":29},"end":{"line":24,"column":62}},"4":{"start":{"line":34,"column":0},"end":{"line":37,"column":2}}},"fnMap":{"0":{"name":"(anonymous_0)","decl":{"start":{"line":10,"column":2},"end":{"line":10,"column":3}},"loc":{"start":{"line":10,"column":23},"end":{"line":13,"column":3}},"line":10},"1":{"name":"(anonymous_1)","decl":{"start":{"line":15,"column":2},"end":{"line":15,"column":3}},"loc":{"start":{"line":15,"column":12},"end":{"line":31,"column":3}},"line":15},"2":{"name":"(anonymous_2)","decl":{"start":{"line":24,"column":22},"end":{"line":24,"column":23}},"loc":{"start":{"line":24,"column":29},"end":{"line":24,"column":62}},"line":24}},"branchMap":{"0":{"loc":{"start":{"line":12,"column":4},"end":{"line":12,"column":82}},"type":"cond-expr","locations":[{"start":{"line":12,"column":19},"end":{"line":12,"column":49}},{"start":{"line":12,"column":52},"end":{"line":12,"column":82}}],"line":12}},"s":{"0":1,"1":1,"2":4,"3":1,"4":2},"f":{"0":1,"1":4,"2":1},"b":{"0":[0,1]},"_coverageSchema":"332fd63041d2c1bcb487cc26dd0d5f7d97098a6c","hash":"c4aa1dc3d24a14016ab7e1dda6de360d762e956b"}
,"/Users/kunalmandalia/Documents/repos/public/udacity-react/reactnd-project-myreads-starter/src/components/SearchBooksLayout.js": {"path":"/Users/kunalmandalia/Documents/repos/public/udacity-react/reactnd-project-myreads-starter/src/components/SearchBooksLayout.js","statementMap":{"0":{"start":{"line":6,"column":26},"end":{"line":27,"column":1}},"1":{"start":{"line":12,"column":2},"end":{"line":26,"column":8}},"2":{"start":{"line":20,"column":10},"end":{"line":22,"column":15}},"3":{"start":{"line":29,"column":0},"end":{"line":34,"column":2}}},"fnMap":{"0":{"name":"(anonymous_0)","decl":{"start":{"line":6,"column":26},"end":{"line":6,"column":27}},"loc":{"start":{"line":12,"column":2},"end":{"line":26,"column":8}},"line":12},"1":{"name":"(anonymous_1)","decl":{"start":{"line":19,"column":27},"end":{"line":19,"column":28}},"loc":{"start":{"line":20,"column":10},"end":{"line":22,"column":15}},"line":20}},"branchMap":{},"s":{"0":1,"1":0,"2":0,"3":1},"f":{"0":0,"1":0},"b":{},"_coverageSchema":"332fd63041d2c1bcb487cc26dd0d5f7d97098a6c","hash":"ada3f8e19738be600e8ea4c1fcde486c4eada084"}
}
