TN:
SF:/Users/kunalmandalia/Documents/repos/public/udacity-react/reactnd-project-myreads-starter/src/BooksAPI.js
FN:29,(anonymous_0)
FN:31,(anonymous_1)
FN:32,(anonymous_2)
FN:34,(anonymous_3)
FN:36,(anonymous_4)
FN:37,(anonymous_5)
FN:39,(anonymous_6)
FN:47,(anonymous_7)
FN:49,(anonymous_8)
FN:57,(anonymous_9)
FN:58,(anonymous_10)
FNF:11
FNH:1
FNDA:0,(anonymous_0)
FNDA:0,(anonymous_1)
FNDA:0,(anonymous_2)
FNDA:1,(anonymous_3)
FNDA:0,(anonymous_4)
FNDA:0,(anonymous_5)
FNDA:0,(anonymous_6)
FNDA:0,(anonymous_7)
FNDA:0,(anonymous_8)
FNDA:0,(anonymous_9)
FNDA:0,(anonymous_10)
DA:2,1
DA:13,1
DA:14,1
DA:15,1
DA:17,0
DA:18,0
DA:21,1
DA:22,1
DA:24,1
DA:29,1
DA:30,0
DA:31,0
DA:32,0
DA:34,1
DA:35,1
DA:36,0
DA:37,0
DA:39,1
DA:40,0
DA:47,0
DA:49,1
DA:50,0
DA:57,0
DA:58,0
LF:24
LH:12
BRDA:13,0,0,1
BRDA:13,0,1,0
BRDA:21,1,0,1
BRDA:21,1,1,0
BRF:4
BRH:2
end_of_record
TN:
SF:/Users/kunalmandalia/Documents/repos/public/udacity-react/reactnd-project-myreads-starter/src/data.js
FNF:0
FNH:0
DA:1,3
LF:1
LH:1
BRF:0
BRH:0
end_of_record
TN:
SF:/Users/kunalmandalia/Documents/repos/public/udacity-react/reactnd-project-myreads-starter/src/index.js
FNF:0
FNH:0
DA:1,0
LF:1
LH:0
BRF:0
BRH:0
end_of_record
TN:
SF:/Users/kunalmandalia/Documents/repos/public/udacity-react/reactnd-project-myreads-starter/src/components/App.js
FN:8,(anonymous_0)
FN:8,(anonymous_1)
FN:10,(anonymous_2)
FN:12,(anonymous_3)
FN:13,(anonymous_4)
FN:17,(anonymous_5)
FN:30,(anonymous_6)
FN:33,(anonymous_7)
FN:36,(anonymous_8)
FN:42,(anonymous_9)
FN:47,(anonymous_10)
FN:49,(anonymous_11)
FN:51,(anonymous_12)
FN:53,(anonymous_13)
FN:57,(anonymous_14)
FN:59,(anonymous_15)
FN:62,(anonymous_16)
FN:64,(anonymous_17)
FN:69,(anonymous_18)
FN:73,(anonymous_19)
FN:76,(anonymous_20)
FN:86,(anonymous_21)
FNF:22
FNH:5
FNDA:0,(anonymous_0)
FNDA:0,(anonymous_1)
FNDA:0,(anonymous_2)
FNDA:0,(anonymous_3)
FNDA:0,(anonymous_4)
FNDA:1,(anonymous_5)
FNDA:1,(anonymous_6)
FNDA:0,(anonymous_7)
FNDA:1,(anonymous_8)
FNDA:0,(anonymous_9)
FNDA:0,(anonymous_10)
FNDA:0,(anonymous_11)
FNDA:0,(anonymous_12)
FNDA:0,(anonymous_13)
FNDA:0,(anonymous_14)
FNDA:0,(anonymous_15)
FNDA:0,(anonymous_16)
FNDA:0,(anonymous_17)
FNDA:0,(anonymous_18)
FNDA:2,(anonymous_19)
FNDA:0,(anonymous_20)
FNDA:2,(anonymous_21)
DA:8,1
DA:10,1
DA:11,0
DA:12,0
DA:13,0
DA:18,1
DA:19,1
DA:24,1
DA:25,1
DA:26,1
DA:27,1
DA:31,1
DA:32,1
DA:34,0
DA:37,1
DA:43,0
DA:44,0
DA:49,0
DA:51,0
DA:53,0
DA:58,0
DA:60,0
DA:62,0
DA:65,0
DA:70,0
DA:74,2
DA:77,0
DA:87,2
LF:28
LH:13
BRDA:13,0,0,0
BRDA:13,0,1,0
BRDA:31,1,0,1
BRDA:31,1,1,0
BRDA:50,2,0,0
BRDA:50,2,1,0
BRDA:51,3,0,0
BRDA:51,3,1,0
BRDA:53,4,0,0
BRDA:53,4,1,0
BRDA:60,5,0,0
BRDA:60,5,1,0
BRF:12
BRH:1
end_of_record
TN:
SF:/Users/kunalmandalia/Documents/repos/public/udacity-react/reactnd-project-myreads-starter/src/components/Book.js
FN:5,(anonymous_0)
FN:19,(anonymous_1)
FN:29,(anonymous_2)
FNF:3
FNH:3
FNDA:2,(anonymous_0)
FNDA:1,(anonymous_1)
FNDA:8,(anonymous_2)
DA:5,3
DA:13,2
DA:20,1
DA:30,8
DA:40,3
LF:5
LH:5
BRDA:15,0,0,0
BRDA:15,0,1,2
BRDA:15,1,0,0
BRDA:15,1,1,0
BRF:4
BRH:1
end_of_record
TN:
SF:/Users/kunalmandalia/Documents/repos/public/udacity-react/reactnd-project-myreads-starter/src/components/BookShelf.js
FN:5,(anonymous_0)
FN:10,(anonymous_1)
FNF:2
FNH:1
FNDA:3,(anonymous_0)
FNDA:0,(anonymous_1)
DA:5,2
DA:6,3
DA:11,0
DA:20,2
LF:4
LH:3
BRF:0
BRH:0
end_of_record
TN:
SF:/Users/kunalmandalia/Documents/repos/public/udacity-react/reactnd-project-myreads-starter/src/components/MainLayout.js
FN:7,(anonymous_0)
FN:8,(anonymous_1)
FN:11,(anonymous_2)
FN:17,(anonymous_3)
FNF:4
FNH:3
FNDA:9,(anonymous_0)
FNDA:0,(anonymous_1)
FNDA:3,(anonymous_2)
FNDA:12,(anonymous_3)
DA:7,2
DA:8,9
DA:11,2
DA:12,3
DA:17,12
DA:33,2
LF:6
LH:6
BRDA:17,0,0,12
BRDA:17,0,1,9
BRF:2
BRH:2
end_of_record
TN:
SF:/Users/kunalmandalia/Documents/repos/public/udacity-react/reactnd-project-myreads-starter/src/components/SearchBooksBar.js
FN:10,(anonymous_0)
FN:15,(anonymous_1)
FN:24,(anonymous_2)
FNF:3
FNH:3
FNDA:1,(anonymous_0)
FNDA:4,(anonymous_1)
FNDA:1,(anonymous_2)
DA:11,1
DA:12,1
DA:16,4
DA:24,1
DA:34,2
LF:5
LH:5
BRDA:12,0,0,0
BRDA:12,0,1,1
BRF:2
BRH:1
end_of_record
TN:
SF:/Users/kunalmandalia/Documents/repos/public/udacity-react/reactnd-project-myreads-starter/src/components/SearchBooksLayout.js
FN:6,(anonymous_0)
FN:19,(anonymous_1)
FNF:2
FNH:0
FNDA:0,(anonymous_0)
FNDA:0,(anonymous_1)
DA:6,1
DA:12,0
DA:20,0
DA:29,1
LF:4
LH:2
BRF:0
BRH:0
end_of_record
